2025-08-21 11:20:03 - INFO - Программа запущена
2025-08-21 11:20:03 - INFO - Режим: Обработка данных
2025-08-21 11:20:03 - ERROR - Файл WORK/INPUT/data1.xlsx не найден
2025-08-21 11:20:03 - ERROR - Файл WORK/INPUT/data2.xlsx не найден
2025-08-21 11:20:03 - INFO - Начало обработки данных
2025-08-21 11:20:03 - ERROR - Нет данных для обработки
2025-08-21 11:20:03 - ERROR - Нет данных для сохранения
2025-08-21 11:20:03 - INFO - Сводка выполнения: {'execution_time': 0.00046515464782714844, 'files_processed': 0, 'outputs_created': 0, 'errors_count': 2}
2025-08-21 11:20:03 - INFO - Время выполнения: 0.00 секунд
2025-08-21 11:20:03 - INFO - Обработано файлов: 0
2025-08-21 11:20:03 - INFO - Создано выходных файлов: 0
2025-08-21 11:20:03 - INFO - Количество ошибок: 2
2025-08-21 11:20:03 - INFO - Программа завершена
2025-08-21 11:22:34 - INFO - Программа запущена
2025-08-21 11:22:34 - INFO - Режим: Обработка данных
2025-08-21 11:22:34 - INFO - Файл data1.xlsx загружен успешно
2025-08-21 11:22:34 - INFO - Файл data2.xlsx загружен успешно
2025-08-21 11:22:34 - INFO - Начало обработки данных
2025-08-21 11:22:34 - INFO - Обработка данных завершена
2025-08-21 11:22:34 - INFO - Файл processed_data_20250821-110834.csv сохранен успешно
2025-08-21 11:22:34 - INFO - Файл processed_data_20250821-110834.xlsx сохранен успешно
2025-08-21 11:22:34 - INFO - Сводка выполнения: {'execution_time': 0.4999508857727051, 'files_processed': 2, 'outputs_created': 2, 'errors_count': 0}
2025-08-21 11:22:34 - INFO - Время выполнения: 0.50 секунд
2025-08-21 11:22:34 - INFO - Обработано файлов: 2
2025-08-21 11:22:34 - INFO - Создано выходных файлов: 2
2025-08-21 11:22:34 - INFO - Количество ошибок: 0
2025-08-21 11:22:34 - INFO - Программа завершена
