2025-08-21 11:14:05 - INFO - Программа запущена
2025-08-21 11:14:05 - INFO - Режим: Создание тестовых данных
2025-08-21 11:14:05 - DEBUG - Директория WORK/INPUT готова к работе
2025-08-21 11:14:05 - DEBUG - Директория WORK/OUTPUT готова к работе
2025-08-21 11:14:05 - DEBUG - Директория WORK/LOGS готова к работе
2025-08-21 11:14:05 - DEBUG - Создано распределение ГОСБ по ТБ: 11 ТБ
2025-08-21 11:14:05 - INFO - Начало генерации тестовых данных
2025-08-21 11:14:05 - DEBUG - Сгенерировано сотрудников: 100
2025-08-21 11:14:05 - DEBUG - Сгенерировано сотрудников: 200
2025-08-21 11:14:05 - DEBUG - Сгенерировано сотрудников: 300
2025-08-21 11:14:05 - DEBUG - Сгенерировано сотрудников: 400
2025-08-21 11:14:05 - DEBUG - Сгенерировано сотрудников: 500
2025-08-21 11:14:05 - DEBUG - Сгенерировано сотрудников: 600
2025-08-21 11:14:05 - DEBUG - Сгенерировано сотрудников: 700
2025-08-21 11:14:05 - DEBUG - Сгенерировано сотрудников: 800
2025-08-21 11:14:05 - DEBUG - Сгенерировано сотрудников: 900
2025-08-21 11:14:05 - DEBUG - Сгенерировано сотрудников: 1000
2025-08-21 11:14:05 - DEBUG - Сгенерировано сотрудников: 1100
2025-08-21 11:14:05 - DEBUG - Сгенерировано сотрудников: 1200
2025-08-21 11:14:05 - DEBUG - Сгенерировано сотрудников: 1300
2025-08-21 11:14:05 - DEBUG - Сгенерировано сотрудников: 1400
2025-08-21 11:14:05 - DEBUG - Сгенерировано сотрудников: 1500
2025-08-21 11:14:05 - DEBUG - Сгенерировано сотрудников: 1600
2025-08-21 11:14:05 - INFO - === Анализ файла 1 (31 июля 2025 года) ===
2025-08-21 11:14:05 - INFO - Распределение по ТБ: {np.str_('Дальневосточный банк'): np.int64(168), np.str_('Северо-Западный банк'): np.int64(157), np.str_('Среднерусский банк'): np.int64(154), np.str_('Сибирский банк'): np.int64(149), np.str_('Байкальский банк'): np.int64(147), np.str_('Московский банк'): np.int64(146), np.str_('Юго-Западный банк'): np.int64(146), np.str_('Поволжский банк'): np.int64(141), np.str_('Уральский банк'): np.int64(139), np.str_('Центрально-Черноземный банк'): np.int64(134), np.str_('Волго-Вятский банк'): np.int64(119)}
2025-08-21 11:14:05 - INFO - Распределение эффективных: {'👍': np.int64(1301), '👎': np.int64(299)}
2025-08-21 11:14:05 - INFO - === Анализ файла 2 (20 августа 2025 года) ===
2025-08-21 11:14:05 - INFO - Распределение по ТБ: {np.str_('Дальневосточный банк'): np.int64(150), np.str_('Сибирский банк'): np.int64(148), np.str_('Северо-Западный банк'): np.int64(145), np.str_('Среднерусский банк'): np.int64(144), np.str_('Юго-Западный банк'): np.int64(144), np.str_('Байкальский банк'): np.int64(143), np.str_('Уральский банк'): np.int64(138), np.str_('Московский банк'): np.int64(131), np.str_('Центрально-Черноземный банк'): np.int64(131), np.str_('Поволжский банк'): np.int64(129), np.str_('Волго-Вятский банк'): np.int64(117)}
2025-08-21 11:14:05 - INFO - Распределение эффективных: {'👍': np.int64(1245), '👎': np.int64(275)}
2025-08-21 11:14:05 - INFO - === Анализ перекрытия сотрудников ===
2025-08-21 11:14:05 - INFO - Сотрудников на 31 июля: 1600
2025-08-21 11:14:05 - INFO - Сотрудников на 20 августа: 1520
2025-08-21 11:14:05 - INFO - Перекрытие (одинаковые): 1440 (90.0%)
2025-08-21 11:14:05 - INFO - Новых сотрудников: 80 (5.3%)
2025-08-21 11:14:05 - INFO - Убранных сотрудников: 160 (10.0%)
2025-08-21 11:14:05 - DEBUG - Файл 1 (31 июля) - Уникальных ТН: 1600, Уникальных ФИО: 1600
2025-08-21 11:14:05 - DEBUG - Файл 2 (20 августа) - Уникальных ТН: 1520, Уникальных ФИО: 1520
2025-08-21 11:14:06 - INFO - Создан тестовый файл: data1_20250821_111405.xlsx
2025-08-21 11:14:06 - DEBUG - Файл сохранен: WORK/INPUT/data1_20250821_111405.xlsx
2025-08-21 11:14:06 - DEBUG - Размер файла: 1600 строк, 8 столбцов
2025-08-21 11:14:06 - INFO - Создан тестовый файл: data2_20250821_111405.xlsx
2025-08-21 11:14:06 - DEBUG - Файл сохранен: WORK/INPUT/data2_20250821_111405.xlsx
2025-08-21 11:14:06 - DEBUG - Размер файла: 1520 строк, 12 столбцов
2025-08-21 11:14:06 - INFO - Генерация тестовых данных завершена
2025-08-21 11:14:06 - INFO - Сводка выполнения: {'execution_time': 0.3382587432861328, 'employees_created': 3120, 'files_created': 2, 'errors_count': 0}
2025-08-21 11:14:06 - INFO - Время выполнения: 0.34 секунд
2025-08-21 11:14:06 - INFO - Создано сотрудников: 3120
2025-08-21 11:14:06 - INFO - Создано выходных файлов: 2
2025-08-21 11:14:06 - INFO - Количество ошибок: 0
2025-08-21 11:14:06 - INFO - Программа завершена
